<?xml version="1.0" encoding="UTF-8"?>
<!-- Generated by org.testng.reporters.JUnitReportReporter -->
<testsuite skipped="0" hostname="LAPTOP-HHN7D2TC" name="com.ebanking.master.RoleNG" tests="3" failures="0" timestamp="2021-09-07T09:15:03 IST" time="41.237" errors="0">
  <testcase name="Rcre" time="13.827" classname="com.ebanking.master.RoleNG"/>
  <testcase name="Rcre" time="13.845" classname="com.ebanking.master.RoleNG"/>
  <testcase name="Rcre" time="13.565" classname="com.ebanking.master.RoleNG"/>
</testsuite> <!-- com.ebanking.master.RoleNG -->
