<?xml version="1.0" encoding="UTF-8"?>
<!-- Generated by org.testng.reporters.JUnitReportReporter -->
<testsuite skipped="0" hostname="LAPTOP-HHN7D2TC" name="com.ebanking.scripts.SampleNG" tests="2" failures="0" timestamp="2021-09-03T09:37:31 IST" time="32.165" errors="0">
  <testcase name="bcd" time="17.063" classname="com.ebanking.scripts.SampleNG"/>
  <testcase name="abc" time="15.102" classname="com.ebanking.scripts.SampleNG"/>
</testsuite> <!-- com.ebanking.scripts.SampleNG -->
