<?xml version="1.0" encoding="UTF-8"?>
<!-- Generated by org.testng.reporters.JUnitReportReporter -->
<testsuite skipped="0" hostname="LAPTOP-HHN7D2TC" name="com.ebanking.master.BranchNg" tests="1" failures="0" timestamp="2021-09-07T09:15:03 IST" time="2.575" errors="0">
  <testcase name="Bcre" time="2.575" classname="com.ebanking.master.BranchNg"/>
</testsuite> <!-- com.ebanking.master.BranchNg -->
